app/build/intermediates/manifest_merge_blame_file/debug/manifest-merger-blame-debug-report.txt
1<?xml version="1.0" encoding="utf-8"?>
2<manifest xmlns:android="http://schemas.android.com/apk/res/android"
3    package="com.example.lab_project1"
4    android:versionCode="1"
5    android:versionName="1.0" >
6
7    <uses-sdk
8        android:minSdkVersion="17"
8-->src\main\AndroidManifest.xml
9        android:targetSdkVersion="30" />
9-->src\main\AndroidManifest.xml
10
11    <uses-permission android:name="android.permission.INTERNET" />
11-->src\main\AndroidManifest.xml:5:5-67
11-->src\main\AndroidManifest.xml:5:22-64
12    <uses-permission android:name="android.permission.READ_EXTERNAL_STORAGE" />
12-->src\main\AndroidManifest.xml:6:5-80
12-->src\main\AndroidManifest.xml:6:22-77
13    <uses-permission android:name="android.permission.ACCESS_NETWORK_STATE" />
13-->[com.google.firebase:firebase-auth:20.0.3] AndroidManifest.xml:24:5-79
13-->[com.google.firebase:firebase-auth:20.0.3] AndroidManifest.xml:24:22-76
14    <uses-permission android:name="android.permission.WAKE_LOCK" />
14-->[com.google.android.gms:play-services-measurement-api:18.0.2] AndroidManifest.xml:24:5-68
14-->[com.google.android.gms:play-services-measurement-api:18.0.2] AndroidManifest.xml:24:22-65
15    <uses-permission android:name="com.google.android.finsky.permission.BIND_GET_INSTALL_REFERRER_SERVICE" />
15-->[com.google.android.gms:play-services-measurement:18.0.2] AndroidManifest.xml:26:5-110
15-->[com.google.android.gms:play-services-measurement:18.0.2] AndroidManifest.xml:26:22-107
16
17    <application
17-->src\main\AndroidManifest.xml:8:5-44:19
18        android:name="androidx.multidex.MultiDexApplication"
19        android:allowBackup="true"
19-->src\main\AndroidManifest.xml:9:9-35
20        android:appComponentFactory="androidx.core.app.CoreComponentFactory"
20-->[androidx.core:core:1.3.1] AndroidManifest.xml:24:18-86
21        android:debuggable="true"
22        android:icon="@mipmap/ic_launcher"
22-->src\main\AndroidManifest.xml:10:9-43
23        android:label="@string/app_name"
23-->src\main\AndroidManifest.xml:11:9-41
24        android:roundIcon="@mipmap/ic_launcher_round"
24-->src\main\AndroidManifest.xml:12:9-54
25        android:supportsRtl="true"
25-->src\main\AndroidManifest.xml:13:9-35
26        android:testOnly="true"
27        android:theme="@style/Theme.Lab_project1" >
27-->src\main\AndroidManifest.xml:14:9-50
28        <activity android:name="com.example.lab_project1.Get_Assignment" />
28-->src\main\AndroidManifest.xml:15:9-61
28-->src\main\AndroidManifest.xml:15:19-49
29        <activity android:name="com.example.lab_project1.UpdateRequests" />
29-->src\main\AndroidManifest.xml:16:9-52
29-->src\main\AndroidManifest.xml:16:19-49
30        <activity android:name="com.example.lab_project1.studentCheckNotice" />
30-->src\main\AndroidManifest.xml:17:9-56
30-->src\main\AndroidManifest.xml:17:19-53
31        <activity android:name="com.example.lab_project1.Submit_assignment" />
31-->src\main\AndroidManifest.xml:18:9-55
31-->src\main\AndroidManifest.xml:18:19-52
32        <activity android:name="com.example.lab_project1.Attend_lab_test" />
32-->src\main\AndroidManifest.xml:19:9-53
32-->src\main\AndroidManifest.xml:19:19-50
33        <activity android:name="com.example.lab_project1.MainActivity" >
33-->src\main\AndroidManifest.xml:20:9-26:20
33-->src\main\AndroidManifest.xml:20:19-47
34            <intent-filter>
34-->src\main\AndroidManifest.xml:21:13-25:29
35                <action android:name="android.intent.action.MAIN" />
35-->src\main\AndroidManifest.xml:22:17-69
35-->src\main\AndroidManifest.xml:22:25-66
36
37                <category android:name="android.intent.category.LAUNCHER" />
37-->src\main\AndroidManifest.xml:24:17-77
37-->src\main\AndroidManifest.xml:24:27-74
38            </intent-filter>
39        </activity>
40        <activity android:name="com.example.lab_project1.show_lab_marks" />
40-->src\main\AndroidManifest.xml:27:9-52
40-->src\main\AndroidManifest.xml:27:19-49
41        <activity android:name="com.example.lab_project1.FacultyActivity" />
41-->src\main\AndroidManifest.xml:28:9-53
41-->src\main\AndroidManifest.xml:28:19-50
42        <activity android:name="com.example.lab_project1.Getnotice" />
42-->src\main\AndroidManifest.xml:29:9-47
42-->src\main\AndroidManifest.xml:29:19-44
43        <activity android:name="com.example.lab_project1.Faculty_Notice" />
43-->src\main\AndroidManifest.xml:30:9-52
43-->src\main\AndroidManifest.xml:30:19-49
44        <activity android:name="com.example.lab_project1.Check_Pseudocode" />
44-->src\main\AndroidManifest.xml:31:9-54
44-->src\main\AndroidManifest.xml:31:19-51
45        <activity android:name="com.example.lab_project1.Create_lab_test" />
45-->src\main\AndroidManifest.xml:32:9-53
45-->src\main\AndroidManifest.xml:32:19-50
46        <activity android:name="com.example.lab_project1.StudentActivity" />
46-->src\main\AndroidManifest.xml:33:9-53
46-->src\main\AndroidManifest.xml:33:19-50
47        <activity android:name="com.example.lab_project1.Add_assignment" />
47-->src\main\AndroidManifest.xml:34:9-52
47-->src\main\AndroidManifest.xml:34:19-49
48        <activity android:name="com.example.lab_project1.Forgot_passwd" />
48-->src\main\AndroidManifest.xml:35:9-51
48-->src\main\AndroidManifest.xml:35:19-48
49        <activity android:name="com.example.lab_project1.Add_lab_marks" />
49-->src\main\AndroidManifest.xml:36:9-51
49-->src\main\AndroidManifest.xml:36:19-48
50        <activity android:name="com.example.lab_project1.Lab_Attendence" />
50-->src\main\AndroidManifest.xml:37:9-52
50-->src\main\AndroidManifest.xml:37:19-49
51        <activity android:name="com.example.lab_project1.Ask_Query" />
51-->src\main\AndroidManifest.xml:38:9-47
51-->src\main\AndroidManifest.xml:38:19-44
52        <activity android:name="com.example.lab_project1.AdminActivity" />
52-->src\main\AndroidManifest.xml:39:9-51
52-->src\main\AndroidManifest.xml:39:19-48
53
54        <meta-data
54-->src\main\AndroidManifest.xml:41:9-43:57
55            android:name="preloaded_fonts"
55-->src\main\AndroidManifest.xml:42:13-43
56            android:resource="@array/preloaded_fonts" />
56-->src\main\AndroidManifest.xml:43:13-54
57
58        <activity
58-->[com.google.firebase:firebase-auth:20.0.3] AndroidManifest.xml:27:9-44:20
59            android:name="com.google.firebase.auth.internal.GenericIdpActivity"
59-->[com.google.firebase:firebase-auth:20.0.3] AndroidManifest.xml:28:13-80
60            android:excludeFromRecents="true"
60-->[com.google.firebase:firebase-auth:20.0.3] AndroidManifest.xml:29:13-46
61            android:exported="true"
61-->[com.google.firebase:firebase-auth:20.0.3] AndroidManifest.xml:30:13-36
62            android:launchMode="singleTask"
62-->[com.google.firebase:firebase-auth:20.0.3] AndroidManifest.xml:31:13-44
63            android:theme="@android:style/Theme.Translucent.NoTitleBar" >
63-->[com.google.firebase:firebase-auth:20.0.3] AndroidManifest.xml:32:13-72
64            <intent-filter>
64-->[com.google.firebase:firebase-auth:20.0.3] AndroidManifest.xml:33:13-43:29
65                <action android:name="android.intent.action.VIEW" />
65-->[com.google.firebase:firebase-auth:20.0.3] AndroidManifest.xml:34:17-69
65-->[com.google.firebase:firebase-auth:20.0.3] AndroidManifest.xml:34:25-66
66
67                <category android:name="android.intent.category.DEFAULT" />
67-->[com.google.firebase:firebase-auth:20.0.3] AndroidManifest.xml:36:17-76
67-->[com.google.firebase:firebase-auth:20.0.3] AndroidManifest.xml:36:27-73
68                <category android:name="android.intent.category.BROWSABLE" />
68-->[com.google.firebase:firebase-auth:20.0.3] AndroidManifest.xml:37:17-78
68-->[com.google.firebase:firebase-auth:20.0.3] AndroidManifest.xml:37:27-75
69
70                <data
70-->[com.google.firebase:firebase-auth:20.0.3] AndroidManifest.xml:39:17-42:51
71                    android:host="firebase.auth"
71-->[com.google.firebase:firebase-auth:20.0.3] AndroidManifest.xml:40:21-49
72                    android:path="/"
72-->[com.google.firebase:firebase-auth:20.0.3] AndroidManifest.xml:41:21-37
73                    android:scheme="genericidp" />
73-->[com.google.firebase:firebase-auth:20.0.3] AndroidManifest.xml:42:21-48
74            </intent-filter>
75        </activity>
76        <activity
76-->[com.google.firebase:firebase-auth:20.0.3] AndroidManifest.xml:45:9-62:20
77            android:name="com.google.firebase.auth.internal.RecaptchaActivity"
77-->[com.google.firebase:firebase-auth:20.0.3] AndroidManifest.xml:46:13-79
78            android:excludeFromRecents="true"
78-->[com.google.firebase:firebase-auth:20.0.3] AndroidManifest.xml:47:13-46
79            android:exported="true"
79-->[com.google.firebase:firebase-auth:20.0.3] AndroidManifest.xml:48:13-36
80            android:launchMode="singleTask"
80-->[com.google.firebase:firebase-auth:20.0.3] AndroidManifest.xml:49:13-44
81            android:theme="@android:style/Theme.Translucent.NoTitleBar" >
81-->[com.google.firebase:firebase-auth:20.0.3] AndroidManifest.xml:50:13-72
82            <intent-filter>
82-->[com.google.firebase:firebase-auth:20.0.3] AndroidManifest.xml:51:13-61:29
83                <action android:name="android.intent.action.VIEW" />
83-->[com.google.firebase:firebase-auth:20.0.3] AndroidManifest.xml:34:17-69
83-->[com.google.firebase:firebase-auth:20.0.3] AndroidManifest.xml:34:25-66
84
85                <category android:name="android.intent.category.DEFAULT" />
85-->[com.google.firebase:firebase-auth:20.0.3] AndroidManifest.xml:36:17-76
85-->[com.google.firebase:firebase-auth:20.0.3] AndroidManifest.xml:36:27-73
86                <category android:name="android.intent.category.BROWSABLE" />
86-->[com.google.firebase:firebase-auth:20.0.3] AndroidManifest.xml:37:17-78
86-->[com.google.firebase:firebase-auth:20.0.3] AndroidManifest.xml:37:27-75
87
88                <data
88-->[com.google.firebase:firebase-auth:20.0.3] AndroidManifest.xml:39:17-42:51
89                    android:host="firebase.auth"
89-->[com.google.firebase:firebase-auth:20.0.3] AndroidManifest.xml:40:21-49
90                    android:path="/"
90-->[com.google.firebase:firebase-auth:20.0.3] AndroidManifest.xml:41:21-37
91                    android:scheme="recaptcha" />
91-->[com.google.firebase:firebase-auth:20.0.3] AndroidManifest.xml:42:21-48
92            </intent-filter>
93        </activity>
94
95        <service
95-->[com.google.firebase:firebase-auth:20.0.3] AndroidManifest.xml:64:9-73:19
96            android:name="com.google.firebase.auth.api.fallback.service.FirebaseAuthFallbackService"
96-->[com.google.firebase:firebase-auth:20.0.3] AndroidManifest.xml:65:13-101
97            android:enabled="true"
97-->[com.google.firebase:firebase-auth:20.0.3] AndroidManifest.xml:66:13-35
98            android:exported="false" >
98-->[com.google.firebase:firebase-auth:20.0.3] AndroidManifest.xml:67:13-37
99            <intent-filter>
99-->[com.google.firebase:firebase-auth:20.0.3] AndroidManifest.xml:68:13-72:29
100                <action android:name="com.google.firebase.auth.api.gms.service.START" />
100-->[com.google.firebase:firebase-auth:20.0.3] AndroidManifest.xml:69:17-89
100-->[com.google.firebase:firebase-auth:20.0.3] AndroidManifest.xml:69:25-86
101
102                <category android:name="android.intent.category.DEFAULT" />
102-->[com.google.firebase:firebase-auth:20.0.3] AndroidManifest.xml:36:17-76
102-->[com.google.firebase:firebase-auth:20.0.3] AndroidManifest.xml:36:27-73
103            </intent-filter>
104        </service>
105        <service
105-->[com.google.firebase:firebase-auth:20.0.3] AndroidManifest.xml:74:9-80:19
106            android:name="com.google.firebase.components.ComponentDiscoveryService"
106-->[com.google.firebase:firebase-auth:20.0.3] AndroidManifest.xml:75:13-84
107            android:directBootAware="true"
107-->[com.google.firebase:firebase-common:19.5.0] AndroidManifest.xml:35:13-43
108            android:exported="false" >
108-->[com.google.firebase:firebase-auth:20.0.3] AndroidManifest.xml:76:13-37
109            <meta-data
109-->[com.google.firebase:firebase-auth:20.0.3] AndroidManifest.xml:77:13-79:85
110                android:name="com.google.firebase.components:com.google.firebase.auth.FirebaseAuthRegistrar"
110-->[com.google.firebase:firebase-auth:20.0.3] AndroidManifest.xml:78:17-109
111                android:value="com.google.firebase.components.ComponentRegistrar" />
111-->[com.google.firebase:firebase-auth:20.0.3] AndroidManifest.xml:79:17-82
112            <meta-data
112-->[com.google.firebase:firebase-firestore:22.1.2] AndroidManifest.xml:20:13-22:85
113                android:name="com.google.firebase.components:com.google.firebase.firestore.FirestoreRegistrar"
113-->[com.google.firebase:firebase-firestore:22.1.2] AndroidManifest.xml:21:17-111
114                android:value="com.google.firebase.components.ComponentRegistrar" />
114-->[com.google.firebase:firebase-firestore:22.1.2] AndroidManifest.xml:22:17-82
115            <meta-data
115-->[com.google.firebase:firebase-storage:19.2.2] AndroidManifest.xml:33:13-35:85
116                android:name="com.google.firebase.components:com.google.firebase.storage.StorageRegistrar"
116-->[com.google.firebase:firebase-storage:19.2.2] AndroidManifest.xml:34:17-107
117                android:value="com.google.firebase.components.ComponentRegistrar" />
117-->[com.google.firebase:firebase-storage:19.2.2] AndroidManifest.xml:35:17-82
118            <meta-data
118-->[com.google.firebase:firebase-database:19.7.0] AndroidManifest.xml:32:13-34:85
119                android:name="com.google.firebase.components:com.google.firebase.database.DatabaseRegistrar"
119-->[com.google.firebase:firebase-database:19.7.0] AndroidManifest.xml:33:17-109
120                android:value="com.google.firebase.components.ComponentRegistrar" />
120-->[com.google.firebase:firebase-database:19.7.0] AndroidManifest.xml:34:17-82
121            <meta-data
121-->[com.google.android.gms:play-services-measurement-api:18.0.2] AndroidManifest.xml:30:13-32:85
122                android:name="com.google.firebase.components:com.google.firebase.analytics.connector.internal.AnalyticsConnectorRegistrar"
122-->[com.google.android.gms:play-services-measurement-api:18.0.2] AndroidManifest.xml:31:17-139
123                android:value="com.google.firebase.components.ComponentRegistrar" />
123-->[com.google.android.gms:play-services-measurement-api:18.0.2] AndroidManifest.xml:32:17-82
124            <meta-data
124-->[com.google.firebase:firebase-installations:16.3.2] AndroidManifest.xml:17:13-19:85
125                android:name="com.google.firebase.components:com.google.firebase.installations.FirebaseInstallationsRegistrar"
125-->[com.google.firebase:firebase-installations:16.3.2] AndroidManifest.xml:18:17-127
126                android:value="com.google.firebase.components.ComponentRegistrar" />
126-->[com.google.firebase:firebase-installations:16.3.2] AndroidManifest.xml:19:17-82
127            <!--
128                This registrar is not defined in the dynamic-module-support sdk itself to allow non-firebase
129                clients to use it as well, by defining this registrar in their own core/common library.
130            -->
131            <meta-data
131-->[com.google.firebase:firebase-common:19.5.0] AndroidManifest.xml:43:13-45:85
132                android:name="com.google.firebase.components:com.google.firebase.dynamicloading.DynamicLoadingRegistrar"
132-->[com.google.firebase:firebase-common:19.5.0] AndroidManifest.xml:44:17-121
133                android:value="com.google.firebase.components.ComponentRegistrar" />
133-->[com.google.firebase:firebase-common:19.5.0] AndroidManifest.xml:45:17-82
134        </service>
135
136        <activity
136-->[com.google.android.gms:play-services-base:17.1.0] AndroidManifest.xml:23:9-26:75
137            android:name="com.google.android.gms.common.api.GoogleApiActivity"
137-->[com.google.android.gms:play-services-base:17.1.0] AndroidManifest.xml:24:13-79
138            android:exported="false"
138-->[com.google.android.gms:play-services-base:17.1.0] AndroidManifest.xml:25:13-37
139            android:theme="@android:style/Theme.Translucent.NoTitleBar" />
139-->[com.google.android.gms:play-services-base:17.1.0] AndroidManifest.xml:26:13-72
140
141        <provider
141-->[com.google.firebase:firebase-common:19.5.0] AndroidManifest.xml:26:9-31:39
142            android:name="com.google.firebase.provider.FirebaseInitProvider"
142-->[com.google.firebase:firebase-common:19.5.0] AndroidManifest.xml:27:13-77
143            android:authorities="com.example.lab_project1.firebaseinitprovider"
143-->[com.google.firebase:firebase-common:19.5.0] AndroidManifest.xml:28:13-72
144            android:directBootAware="true"
144-->[com.google.firebase:firebase-common:19.5.0] AndroidManifest.xml:29:13-43
145            android:exported="false"
145-->[com.google.firebase:firebase-common:19.5.0] AndroidManifest.xml:30:13-37
146            android:initOrder="100" />
146-->[com.google.firebase:firebase-common:19.5.0] AndroidManifest.xml:31:13-36
147
148        <receiver
148-->[com.google.android.gms:play-services-measurement:18.0.2] AndroidManifest.xml:29:9-33:20
149            android:name="com.google.android.gms.measurement.AppMeasurementReceiver"
149-->[com.google.android.gms:play-services-measurement:18.0.2] AndroidManifest.xml:30:13-85
150            android:enabled="true"
150-->[com.google.android.gms:play-services-measurement:18.0.2] AndroidManifest.xml:31:13-35
151            android:exported="false" >
151-->[com.google.android.gms:play-services-measurement:18.0.2] AndroidManifest.xml:32:13-37
152        </receiver>
153
154        <service
154-->[com.google.android.gms:play-services-measurement:18.0.2] AndroidManifest.xml:35:9-38:40
155            android:name="com.google.android.gms.measurement.AppMeasurementService"
155-->[com.google.android.gms:play-services-measurement:18.0.2] AndroidManifest.xml:36:13-84
156            android:enabled="true"
156-->[com.google.android.gms:play-services-measurement:18.0.2] AndroidManifest.xml:37:13-35
157            android:exported="false" />
157-->[com.google.android.gms:play-services-measurement:18.0.2] AndroidManifest.xml:38:13-37
158        <service
158-->[com.google.android.gms:play-services-measurement:18.0.2] AndroidManifest.xml:39:9-43:72
159            android:name="com.google.android.gms.measurement.AppMeasurementJobService"
159-->[com.google.android.gms:play-services-measurement:18.0.2] AndroidManifest.xml:40:13-87
160            android:enabled="true"
160-->[com.google.android.gms:play-services-measurement:18.0.2] AndroidManifest.xml:41:13-35
161            android:exported="false"
161-->[com.google.android.gms:play-services-measurement:18.0.2] AndroidManifest.xml:42:13-37
162            android:permission="android.permission.BIND_JOB_SERVICE" />
162-->[com.google.android.gms:play-services-measurement:18.0.2] AndroidManifest.xml:43:13-69
163
164        <meta-data
164-->[com.google.android.gms:play-services-basement:17.1.0] AndroidManifest.xml:23:9-25:69
165            android:name="com.google.android.gms.version"
165-->[com.google.android.gms:play-services-basement:17.1.0] AndroidManifest.xml:24:13-58
166            android:value="@integer/google_play_services_version" />
166-->[com.google.android.gms:play-services-basement:17.1.0] AndroidManifest.xml:25:13-66
167    </application>
168
169</manifest>